[0427/130636.608:ERROR:process_reader_win.cc(123)] NtOpenThread: {Access Denied} A process has requested access to an object, but has not been granted those access rights. (0xc0000022)
[0427/130636.624:ERROR:exception_snapshot_win.cc(98)] thread ID 1748 not found in process
[0427/130636.632:ERROR:process_reader_win.cc(123)] NtOpenThread: {Access Denied} A process has requested access to an object, but has not been granted those access rights. (0xc0000022)
[0427/130636.632:ERROR:exception_snapshot_win.cc(98)] thread ID 2540 not found in process
[0427/130636.632:ERROR:process_reader_win.cc(123)] NtOpenThread: {Access Denied} A process has requested access to an object, but has not been granted those access rights. (0xc0000022)
[0427/130636.628:ERROR:process_reader_win.cc(123)] NtOpenThread: {Access Denied} A process has requested access to an object, but has not been granted those access rights. (0xc0000022)
[0427/130636.632:ERROR:exception_snapshot_win.cc(98)] thread ID 2056 not found in process
[0427/130636.632:ERROR:exception_snapshot_win.cc(98)] thread ID 11660 not found in process
[0427/132614.717:ERROR:process_reader_win.cc(123)] NtOpenThread: {Access Denied} A process has requested access to an object, but has not been granted those access rights. (0xc0000022)
[0427/132614.717:ERROR:exception_snapshot_win.cc(98)] thread ID 3184 not found in process
[0427/132614.733:ERROR:process_reader_win.cc(123)] NtOpenThread: {Access Denied} A process has requested access to an object, but has not been granted those access rights. (0xc0000022)
[0427/132614.733:ERROR:exception_snapshot_win.cc(98)] thread ID 11080 not found in process
[0427/144833.538:ERROR:process_reader_win.cc(151)] SuspendThread: Access is denied. (0x5)
[0427/144833.558:ERROR:process_reader_win.cc(151)] SuspendThread: Access is denied. (0x5)
[0427/144833.526:ERROR:process_reader_win.cc(151)] SuspendThread: Access is denied. (0x5)
[0427/144833.558:ERROR:process_reader_win.cc(151)] SuspendThread: Access is denied. (0x5)
[0427/144833.558:ERROR:process_reader_win.cc(151)] SuspendThread: Access is denied. (0x5)
[0427/144833.558:ERROR:process_reader_win.cc(151)] SuspendThread: Access is denied. (0x5)
[0427/144833.558:ERROR:process_reader_win.cc(151)] SuspendThread: Access is denied. (0x5)
[0427/144833.558:ERROR:process_reader_win.cc(151)] SuspendThread: Access is denied. (0x5)
[0427/144833.558:ERROR:process_reader_win.cc(151)] SuspendThread: Access is denied. (0x5)
[0427/144833.558:ERROR:process_reader_win.cc(151)] SuspendThread: Access is denied. (0x5)
[0427/144833.558:ERROR:process_reader_win.cc(151)] SuspendThread: Access is denied. (0x5)
[0427/144833.558:ERROR:process_reader_win.cc(151)] SuspendThread: Access is denied. (0x5)
[0427/144833.558:ERROR:process_reader_win.cc(151)] SuspendThread: Access is denied. (0x5)
[0427/144833.558:ERROR:process_reader_win.cc(151)] SuspendThread: Access is denied. (0x5)
[0427/144833.558:ERROR:process_reader_win.cc(151)] SuspendThread: Access is denied. (0x5)
[0427/144833.558:ERROR:process_reader_win.cc(151)] SuspendThread: Access is denied. (0x5)
[0427/144833.558:ERROR:process_reader_win.cc(151)] SuspendThread: Access is denied. (0x5)
[0427/144833.558:ERROR:process_reader_win.cc(151)] SuspendThread: Access is denied. (0x5)
[0427/144833.558:ERROR:process_reader_win.cc(151)] SuspendThread: Access is denied. (0x5)
[0427/144833.558:ERROR:process_reader_win.cc(151)] SuspendThread: Access is denied. (0x5)
[0427/144833.558:ERROR:process_reader_win.cc(151)] SuspendThread: Access is denied. (0x5)
[0427/144833.558:ERROR:process_reader_win.cc(151)] SuspendThread: Access is denied. (0x5)
[0427/144833.558:ERROR:process_reader_win.cc(151)] SuspendThread: Access is denied. (0x5)
[0427/144833.558:ERROR:process_reader_win.cc(151)] SuspendThread: Access is denied. (0x5)
[0427/144833.558:ERROR:process_reader_win.cc(151)] SuspendThread: Access is denied. (0x5)
[0427/144833.558:ERROR:process_reader_win.cc(151)] SuspendThread: Access is denied. (0x5)
[0427/144833.558:ERROR:process_reader_win.cc(151)] SuspendThread: Access is denied. (0x5)
[0427/144833.558:ERROR:process_reader_win.cc(151)] SuspendThread: Access is denied. (0x5)
[0427/144833.558:ERROR:process_reader_win.cc(151)] SuspendThread: Access is denied. (0x5)
[0427/144833.558:ERROR:process_reader_win.cc(123)] NtOpenThread: {Access Denied} A process has requested access to an object, but has not been granted those access rights. (0xc0000022)
[0427/144833.558:ERROR:exception_snapshot_win.cc(98)] thread ID 10228 not found in process
[0427/144833.526:ERROR:process_reader_win.cc(151)] SuspendThread: Access is denied. (0x5)
[0427/144833.638:ERROR:process_reader_win.cc(151)] SuspendThread: Access is denied. (0x5)
[0427/144833.642:ERROR:process_reader_win.cc(151)] SuspendThread: Access is denied. (0x5)
[0427/144833.642:ERROR:process_reader_win.cc(151)] SuspendThread: Access is denied. (0x5)
[0427/144833.642:ERROR:process_reader_win.cc(151)] SuspendThread: Access is denied. (0x5)
[0427/144833.642:ERROR:process_reader_win.cc(151)] SuspendThread: Access is denied. (0x5)
[0427/144833.642:ERROR:process_reader_win.cc(151)] SuspendThread: Access is denied. (0x5)
[0427/144833.642:ERROR:process_reader_win.cc(151)] SuspendThread: Access is denied. (0x5)
[0427/144833.642:ERROR:process_reader_win.cc(151)] SuspendThread: Access is denied. (0x5)
[0427/144833.642:ERROR:process_reader_win.cc(151)] SuspendThread: Access is denied. (0x5)
[0427/144833.642:ERROR:process_reader_win.cc(151)] SuspendThread: Access is denied. (0x5)
[0427/144833.642:ERROR:process_reader_win.cc(151)] SuspendThread: Access is denied. (0x5)
[0427/144833.642:ERROR:process_reader_win.cc(151)] SuspendThread: Access is denied. (0x5)
[0427/144833.642:ERROR:process_reader_win.cc(151)] SuspendThread: Access is denied. (0x5)
[0427/144833.642:ERROR:process_reader_win.cc(151)] SuspendThread: Access is denied. (0x5)
[0427/144833.642:ERROR:process_reader_win.cc(123)] NtOpenThread: {Access Denied} A process has requested access to an object, but has not been granted those access rights. (0xc0000022)
[0427/144833.642:ERROR:exception_snapshot_win.cc(98)] thread ID 10832 not found in process
[0427/144833.558:ERROR:process_reader_win.cc(123)] NtOpenThread: {Access Denied} A process has requested access to an object, but has not been granted those access rights. (0xc0000022)
[0427/144833.654:ERROR:exception_snapshot_win.cc(98)] thread ID 1804 not found in process
[0427/144833.658:ERROR:process_reader_win.cc(151)] SuspendThread: Access is denied. (0x5)
[0427/144833.670:ERROR:process_reader_win.cc(151)] SuspendThread: Access is denied. (0x5)
[0427/144833.670:ERROR:process_reader_win.cc(123)] NtOpenThread: {Access Denied} A process has requested access to an object, but has not been granted those access rights. (0xc0000022)
[0427/144833.670:ERROR:exception_snapshot_win.cc(98)] thread ID 7156 not found in process
[0427/144833.674:ERROR:process_reader_win.cc(151)] SuspendThread: Access is denied. (0x5)
[0427/144833.674:ERROR:process_reader_win.cc(151)] SuspendThread: Access is denied. (0x5)
[0427/144833.674:ERROR:process_reader_win.cc(151)] SuspendThread: Access is denied. (0x5)
[0427/144833.674:ERROR:process_reader_win.cc(151)] SuspendThread: Access is denied. (0x5)
[0427/144833.674:ERROR:process_reader_win.cc(151)] SuspendThread: Access is denied. (0x5)
[0427/144833.674:ERROR:process_reader_win.cc(151)] SuspendThread: Access is denied. (0x5)
[0427/144833.674:ERROR:process_reader_win.cc(123)] NtOpenThread: {Access Denied} A process has requested access to an object, but has not been granted those access rights. (0xc0000022)
[0427/144833.674:ERROR:exception_snapshot_win.cc(98)] thread ID 6020 not found in process
[0427/144833.694:ERROR:process_reader_win.cc(151)] SuspendThread: Access is denied. (0x5)
[0427/144833.694:ERROR:process_reader_win.cc(123)] NtOpenThread: {Access Denied} A process has requested access to an object, but has not been granted those access rights. (0xc0000022)
[0427/144833.694:ERROR:exception_snapshot_win.cc(98)] thread ID 10180 not found in process
[0427/144833.702:ERROR:process_reader_win.cc(151)] SuspendThread: Access is denied. (0x5)
[0427/144833.702:ERROR:process_reader_win.cc(151)] SuspendThread: Access is denied. (0x5)
[0427/144833.702:ERROR:process_reader_win.cc(151)] SuspendThread: Access is denied. (0x5)
[0427/144833.702:ERROR:process_reader_win.cc(151)] SuspendThread: Access is denied. (0x5)
[0427/144833.702:ERROR:process_reader_win.cc(151)] SuspendThread: Access is denied. (0x5)
[0427/144833.702:ERROR:process_reader_win.cc(151)] SuspendThread: Access is denied. (0x5)
[0427/144833.702:ERROR:process_reader_win.cc(151)] SuspendThread: Access is denied. (0x5)
[0427/144833.702:ERROR:process_reader_win.cc(151)] SuspendThread: Access is denied. (0x5)
[0427/144833.702:ERROR:process_reader_win.cc(151)] SuspendThread: Access is denied. (0x5)
[0427/144833.702:ERROR:process_reader_win.cc(123)] NtOpenThread: {Access Denied} A process has requested access to an object, but has not been granted those access rights. (0xc0000022)
[0427/144833.702:ERROR:exception_snapshot_win.cc(98)] thread ID 7004 not found in process
[0427/144833.702:ERROR:process_reader_win.cc(123)] NtOpenThread: {Access Denied} A process has requested access to an object, but has not been granted those access rights. (0xc0000022)
[0427/144833.702:ERROR:exception_snapshot_win.cc(98)] thread ID 5896 not found in process
[0427/144833.714:ERROR:process_reader_win.cc(151)] SuspendThread: Access is denied. (0x5)
[0427/144833.714:ERROR:process_reader_win.cc(151)] SuspendThread: Access is denied. (0x5)
[0427/144833.714:ERROR:process_reader_win.cc(151)] SuspendThread: Access is denied. (0x5)
[0427/144833.714:ERROR:process_reader_win.cc(151)] SuspendThread: Access is denied. (0x5)
[0427/144833.714:ERROR:process_reader_win.cc(123)] NtOpenThread: {Access Denied} A process has requested access to an object, but has not been granted those access rights. (0xc0000022)
[0427/144833.714:ERROR:exception_snapshot_win.cc(98)] thread ID 7352 not found in process
[0427/145810.998:ERROR:process_reader_win.cc(151)] SuspendThread: Access is denied. (0x5)
[0427/145811.026:ERROR:process_reader_win.cc(151)] SuspendThread: Access is denied. (0x5)
[0427/145811.026:ERROR:process_reader_win.cc(151)] SuspendThread: Access is denied. (0x5)
[0427/145811.026:ERROR:process_reader_win.cc(151)] SuspendThread: Access is denied. (0x5)
[0427/145811.026:ERROR:process_reader_win.cc(151)] SuspendThread: Access is denied. (0x5)
[0427/145811.026:ERROR:process_reader_win.cc(151)] SuspendThread: Access is denied. (0x5)
[0427/145811.026:ERROR:process_reader_win.cc(151)] SuspendThread: Access is denied. (0x5)
[0427/145811.026:ERROR:process_reader_win.cc(151)] SuspendThread: Access is denied. (0x5)
[0427/145811.026:ERROR:process_reader_win.cc(151)] SuspendThread: Access is denied. (0x5)
[0427/145811.026:ERROR:process_reader_win.cc(151)] SuspendThread: Access is denied. (0x5)
[0427/145811.026:ERROR:process_reader_win.cc(151)] SuspendThread: Access is denied. (0x5)
[0427/145811.026:ERROR:process_reader_win.cc(151)] SuspendThread: Access is denied. (0x5)
[0427/145811.026:ERROR:process_reader_win.cc(151)] SuspendThread: Access is denied. (0x5)
[0427/145811.026:ERROR:process_reader_win.cc(151)] SuspendThread: Access is denied. (0x5)
[0427/145811.026:ERROR:process_reader_win.cc(151)] SuspendThread: Access is denied. (0x5)
[0427/145811.026:ERROR:process_reader_win.cc(123)] NtOpenThread: {Access Denied} A process has requested access to an object, but has not been granted those access rights. (0xc0000022)
[0427/145811.046:ERROR:exception_snapshot_win.cc(98)] thread ID 7972 not found in process
[0427/145811.066:ERROR:process_reader_win.cc(151)] SuspendThread: Access is denied. (0x5)
[0427/145811.066:ERROR:process_reader_win.cc(151)] SuspendThread: Access is denied. (0x5)
[0427/145811.066:ERROR:process_reader_win.cc(151)] SuspendThread: Access is denied. (0x5)
[0427/145811.066:ERROR:process_reader_win.cc(151)] SuspendThread: Access is denied. (0x5)
[0427/145811.066:ERROR:process_reader_win.cc(151)] SuspendThread: Access is denied. (0x5)
[0427/145811.066:ERROR:process_reader_win.cc(123)] NtOpenThread: {Access Denied} A process has requested access to an object, but has not been granted those access rights. (0xc0000022)
[0427/145811.066:ERROR:exception_snapshot_win.cc(98)] thread ID 9196 not found in process
[0427/145811.110:ERROR:process_reader_win.cc(151)] SuspendThread: Access is denied. (0x5)
[0427/145811.114:ERROR:process_reader_win.cc(123)] NtOpenThread: {Access Denied} A process has requested access to an object, but has not been granted those access rights. (0xc0000022)
[0427/145811.114:ERROR:exception_snapshot_win.cc(98)] thread ID 4224 not found in process
[0427/145811.158:ERROR:process_reader_win.cc(151)] SuspendThread: Access is denied. (0x5)
[0427/145811.158:ERROR:process_reader_win.cc(123)] NtOpenThread: {Access Denied} A process has requested access to an object, but has not been granted those access rights. (0xc0000022)
[0427/145811.158:ERROR:exception_snapshot_win.cc(98)] thread ID 6328 not found in process
[0427/145811.158:ERROR:process_reader_win.cc(151)] SuspendThread: Access is denied. (0x5)
[0427/145811.158:ERROR:process_reader_win.cc(151)] SuspendThread: Access is denied. (0x5)
[0427/145811.162:ERROR:process_reader_win.cc(123)] NtOpenThread: {Access Denied} A process has requested access to an object, but has not been granted those access rights. (0xc0000022)
[0427/145811.162:ERROR:exception_snapshot_win.cc(98)] thread ID 4268 not found in process
[0427/145811.162:ERROR:process_reader_win.cc(151)] SuspendThread: Access is denied. (0x5)
[0427/145811.162:ERROR:process_reader_win.cc(151)] SuspendThread: Access is denied. (0x5)
[0427/145811.162:ERROR:process_reader_win.cc(151)] SuspendThread: Access is denied. (0x5)
[0427/145811.162:ERROR:process_reader_win.cc(151)] SuspendThread: Access is denied. (0x5)
[0427/145811.162:ERROR:process_reader_win.cc(151)] SuspendThread: Access is denied. (0x5)
[0427/145811.162:ERROR:process_reader_win.cc(151)] SuspendThread: Access is denied. (0x5)
[0427/145811.162:ERROR:process_reader_win.cc(151)] SuspendThread: Access is denied. (0x5)
[0427/145811.162:ERROR:process_reader_win.cc(151)] SuspendThread: Access is denied. (0x5)
[0427/145811.162:ERROR:process_reader_win.cc(151)] SuspendThread: Access is denied. (0x5)
[0427/145811.162:ERROR:process_reader_win.cc(151)] SuspendThread: Access is denied. (0x5)
[0427/145811.162:ERROR:process_reader_win.cc(151)] SuspendThread: Access is denied. (0x5)
[0427/145811.162:ERROR:process_reader_win.cc(151)] SuspendThread: Access is denied. (0x5)
[0427/145811.162:ERROR:process_reader_win.cc(123)] NtOpenThread: {Access Denied} A process has requested access to an object, but has not been granted those access rights. (0xc0000022)
[0427/145811.162:ERROR:process_reader_win.cc(123)] NtOpenThread: {Access Denied} A process has requested access to an object, but has not been granted those access rights. (0xc0000022)
[0427/145811.162:ERROR:exception_snapshot_win.cc(98)] thread ID 476 not found in process
[0427/145811.162:ERROR:exception_snapshot_win.cc(98)] thread ID 10132 not found in process
[0427/145811.174:ERROR:process_reader_win.cc(151)] SuspendThread: Access is denied. (0x5)
[0427/145811.174:ERROR:process_reader_win.cc(151)] SuspendThread: Access is denied. (0x5)
[0427/145811.174:ERROR:process_reader_win.cc(151)] SuspendThread: Access is denied. (0x5)
[0427/145811.174:ERROR:process_reader_win.cc(151)] SuspendThread: Access is denied. (0x5)
[0427/145811.174:ERROR:process_reader_win.cc(151)] SuspendThread: Access is denied. (0x5)
[0427/145811.174:ERROR:process_reader_win.cc(151)] SuspendThread: Access is denied. (0x5)
[0427/145811.174:ERROR:process_reader_win.cc(151)] SuspendThread: Access is denied. (0x5)
[0427/145811.174:ERROR:process_reader_win.cc(151)] SuspendThread: Access is denied. (0x5)
[0427/145811.174:ERROR:process_reader_win.cc(151)] SuspendThread: Access is denied. (0x5)
[0427/145811.174:ERROR:process_reader_win.cc(151)] SuspendThread: Access is denied. (0x5)
[0427/145811.174:ERROR:process_reader_win.cc(151)] SuspendThread: Access is denied. (0x5)
[0427/145811.178:ERROR:process_reader_win.cc(151)] SuspendThread: Access is denied. (0x5)
[0427/145811.178:ERROR:process_reader_win.cc(151)] SuspendThread: Access is denied. (0x5)
[0427/145811.178:ERROR:process_reader_win.cc(151)] SuspendThread: Access is denied. (0x5)
[0427/145811.178:ERROR:process_reader_win.cc(151)] SuspendThread: Access is denied. (0x5)
[0427/145811.178:ERROR:process_reader_win.cc(151)] SuspendThread: Access is denied. (0x5)
[0427/145811.178:ERROR:process_reader_win.cc(151)] SuspendThread: Access is denied. (0x5)
[0427/145811.178:ERROR:process_reader_win.cc(151)] SuspendThread: Access is denied. (0x5)
[0427/145811.178:ERROR:process_reader_win.cc(151)] SuspendThread: Access is denied. (0x5)
[0427/145811.178:ERROR:process_reader_win.cc(151)] SuspendThread: Access is denied. (0x5)
[0427/145811.178:ERROR:process_reader_win.cc(151)] SuspendThread: Access is denied. (0x5)
[0427/145811.178:ERROR:process_reader_win.cc(151)] SuspendThread: Access is denied. (0x5)
[0427/145811.178:ERROR:process_reader_win.cc(151)] SuspendThread: Access is denied. (0x5)
[0427/145811.178:ERROR:process_reader_win.cc(151)] SuspendThread: Access is denied. (0x5)
[0427/145811.178:ERROR:process_reader_win.cc(151)] SuspendThread: Access is denied. (0x5)
[0427/145811.178:ERROR:process_reader_win.cc(151)] SuspendThread: Access is denied. (0x5)
[0427/145811.178:ERROR:process_reader_win.cc(151)] SuspendThread: Access is denied. (0x5)
[0427/145811.178:ERROR:process_reader_win.cc(151)] SuspendThread: Access is denied. (0x5)
[0427/145811.178:ERROR:process_reader_win.cc(123)] NtOpenThread: {Access Denied} A process has requested access to an object, but has not been granted those access rights. (0xc0000022)
[0427/145811.178:ERROR:exception_snapshot_win.cc(98)] thread ID 2060 not found in process
[0427/145811.178:ERROR:process_reader_win.cc(151)] SuspendThread: Access is denied. (0x5)
[0427/145811.178:ERROR:process_reader_win.cc(151)] SuspendThread: Access is denied. (0x5)
[0427/145811.178:ERROR:process_reader_win.cc(151)] SuspendThread: Access is denied. (0x5)
[0427/145811.178:ERROR:process_reader_win.cc(151)] SuspendThread: Access is denied. (0x5)
[0427/145811.178:ERROR:process_reader_win.cc(151)] SuspendThread: Access is denied. (0x5)
[0427/145811.178:ERROR:process_reader_win.cc(123)] NtOpenThread: {Access Denied} A process has requested access to an object, but has not been granted those access rights. (0xc0000022)
[0427/145811.178:ERROR:exception_snapshot_win.cc(98)] thread ID 2900 not found in process
[0427/145811.182:ERROR:process_reader_win.cc(151)] SuspendThread: Access is denied. (0x5)
[0427/145811.182:ERROR:process_reader_win.cc(123)] NtOpenThread: {Access Denied} A process has requested access to an object, but has not been granted those access rights. (0xc0000022)
[0427/145811.182:ERROR:exception_snapshot_win.cc(98)] thread ID 6640 not found in process
[0427/145811.042:ERROR:process_reader_win.cc(151)] SuspendThread: Access is denied. (0x5)
[0427/145811.194:ERROR:process_reader_win.cc(151)] SuspendThread: Access is denied. (0x5)
[0427/145811.194:ERROR:process_reader_win.cc(151)] SuspendThread: Access is denied. (0x5)
[0427/145811.194:ERROR:process_reader_win.cc(151)] SuspendThread: Access is denied. (0x5)
[0427/145811.194:ERROR:process_reader_win.cc(151)] SuspendThread: Access is denied. (0x5)
[0427/145811.194:ERROR:process_reader_win.cc(151)] SuspendThread: Access is denied. (0x5)
[0427/145811.194:ERROR:process_reader_win.cc(123)] NtOpenThread: {Access Denied} A process has requested access to an object, but has not been granted those access rights. (0xc0000022)
[0427/145811.194:ERROR:exception_snapshot_win.cc(98)] thread ID 7632 not found in process
[0427/145811.202:ERROR:process_reader_win.cc(151)] SuspendThread: Access is denied. (0x5)
[0427/145811.202:ERROR:process_reader_win.cc(123)] NtOpenThread: {Access Denied} A process has requested access to an object, but has not been granted those access rights. (0xc0000022)
[0427/145811.202:ERROR:exception_snapshot_win.cc(98)] thread ID 9280 not found in process
[0427/145811.230:ERROR:process_reader_win.cc(151)] SuspendThread: Access is denied. (0x5)
[0427/145811.230:ERROR:process_reader_win.cc(151)] SuspendThread: Access is denied. (0x5)
[0427/145811.230:ERROR:process_reader_win.cc(123)] NtOpenThread: {Access Denied} A process has requested access to an object, but has not been granted those access rights. (0xc0000022)
[0427/145811.230:ERROR:exception_snapshot_win.cc(98)] thread ID 1384 not found in process
[0427/145811.246:ERROR:process_reader_win.cc(151)] SuspendThread: Access is denied. (0x5)
[0427/145811.246:ERROR:process_reader_win.cc(151)] SuspendThread: Access is denied. (0x5)
[0427/145811.246:ERROR:process_reader_win.cc(151)] SuspendThread: Access is denied. (0x5)
[0427/145811.246:ERROR:process_reader_win.cc(151)] SuspendThread: Access is denied. (0x5)
[0427/145811.246:ERROR:process_reader_win.cc(151)] SuspendThread: Access is denied. (0x5)
[0427/145811.246:ERROR:process_reader_win.cc(123)] NtOpenThread: {Access Denied} A process has requested access to an object, but has not been granted those access rights. (0xc0000022)
[0427/145811.246:ERROR:exception_snapshot_win.cc(98)] thread ID 9072 not found in process
[0427/150916.915:ERROR:process_reader_win.cc(151)] SuspendThread: Access is denied. (0x5)
[0427/150916.915:ERROR:process_reader_win.cc(151)] SuspendThread: Access is denied. (0x5)
[0427/150916.915:ERROR:process_reader_win.cc(151)] SuspendThread: Access is denied. (0x5)
[0427/150916.915:ERROR:process_reader_win.cc(151)] SuspendThread: Access is denied. (0x5)
[0427/150916.915:ERROR:process_reader_win.cc(151)] SuspendThread: Access is denied. (0x5)
[0427/150916.915:ERROR:process_reader_win.cc(151)] SuspendThread: Access is denied. (0x5)
[0427/150916.915:ERROR:process_reader_win.cc(151)] SuspendThread: Access is denied. (0x5)
[0427/150916.915:ERROR:process_reader_win.cc(151)] SuspendThread: Access is denied. (0x5)
[0427/150916.915:ERROR:process_reader_win.cc(151)] SuspendThread: Access is denied. (0x5)
[0427/150916.915:ERROR:process_reader_win.cc(151)] SuspendThread: Access is denied. (0x5)
[0427/150916.915:ERROR:process_reader_win.cc(151)] SuspendThread: Access is denied. (0x5)
[0427/150916.915:ERROR:process_reader_win.cc(151)] SuspendThread: Access is denied. (0x5)
[0427/150916.915:ERROR:process_reader_win.cc(151)] SuspendThread: Access is denied. (0x5)
[0427/150916.915:ERROR:process_reader_win.cc(151)] SuspendThread: Access is denied. (0x5)
[0427/150916.915:ERROR:process_reader_win.cc(151)] SuspendThread: Access is denied. (0x5)
[0427/150916.915:ERROR:process_reader_win.cc(151)] SuspendThread: Access is denied. (0x5)
[0427/150916.915:ERROR:process_reader_win.cc(151)] SuspendThread: Access is denied. (0x5)
[0427/150916.915:ERROR:process_reader_win.cc(151)] SuspendThread: Access is denied. (0x5)
[0427/150916.915:ERROR:process_reader_win.cc(151)] SuspendThread: Access is denied. (0x5)
[0427/150916.915:ERROR:process_reader_win.cc(151)] SuspendThread: Access is denied. (0x5)
[0427/150916.915:ERROR:process_reader_win.cc(151)] SuspendThread: Access is denied. (0x5)
[0427/150916.915:ERROR:process_reader_win.cc(151)] SuspendThread: Access is denied. (0x5)
[0427/150916.967:ERROR:process_reader_win.cc(151)] SuspendThread: Access is denied. (0x5)
[0427/150916.971:ERROR:process_reader_win.cc(123)] NtOpenThread: {Access Denied} A process has requested access to an object, but has not been granted those access rights. (0xc0000022)
[0427/150916.971:ERROR:exception_snapshot_win.cc(98)] thread ID 6320 not found in process
[0427/150916.971:ERROR:process_reader_win.cc(151)] SuspendThread: Access is denied. (0x5)
[0427/150916.983:ERROR:process_reader_win.cc(123)] NtOpenThread: {Access Denied} A process has requested access to an object, but has not been granted those access rights. (0xc0000022)
[0427/150916.983:ERROR:exception_snapshot_win.cc(98)] thread ID 10868 not found in process
[0427/150916.903:ERROR:process_reader_win.cc(151)] SuspendThread: Access is denied. (0x5)
[0427/150916.987:ERROR:process_reader_win.cc(151)] SuspendThread: Access is denied. (0x5)
[0427/150916.987:ERROR:process_reader_win.cc(151)] SuspendThread: Access is denied. (0x5)
[0427/150916.987:ERROR:process_reader_win.cc(151)] SuspendThread: Access is denied. (0x5)
[0427/150916.987:ERROR:process_reader_win.cc(151)] SuspendThread: Access is denied. (0x5)
[0427/150916.987:ERROR:process_reader_win.cc(151)] SuspendThread: Access is denied. (0x5)
[0427/150916.987:ERROR:process_reader_win.cc(151)] SuspendThread: Access is denied. (0x5)
[0427/150916.987:ERROR:process_reader_win.cc(151)] SuspendThread: Access is denied. (0x5)
[0427/150916.987:ERROR:process_reader_win.cc(123)] NtOpenThread: {Access Denied} A process has requested access to an object, but has not been granted those access rights. (0xc0000022)
[0427/150916.987:ERROR:exception_snapshot_win.cc(98)] thread ID 9360 not found in process
[0427/150916.987:ERROR:process_reader_win.cc(151)] SuspendThread: Access is denied. (0x5)
[0427/150916.987:ERROR:process_reader_win.cc(151)] SuspendThread: Access is denied. (0x5)
[0427/150916.987:ERROR:process_reader_win.cc(151)] SuspendThread: Access is denied. (0x5)
[0427/150916.987:ERROR:process_reader_win.cc(151)] SuspendThread: Access is denied. (0x5)
[0427/150916.987:ERROR:process_reader_win.cc(123)] NtOpenThread: An invalid Client ID was specified. (0xc000000b)
[0427/150916.987:ERROR:process_reader_win.cc(151)] SuspendThread: Access is denied. (0x5)
[0427/150916.987:ERROR:process_reader_win.cc(151)] SuspendThread: Access is denied. (0x5)
[0427/150916.987:ERROR:process_reader_win.cc(151)] SuspendThread: Access is denied. (0x5)
[0427/150916.987:ERROR:process_reader_win.cc(151)] SuspendThread: Access is denied. (0x5)
[0427/150916.987:ERROR:process_reader_win.cc(151)] SuspendThread: Access is denied. (0x5)
[0427/150916.987:ERROR:process_reader_win.cc(151)] SuspendThread: Access is denied. (0x5)
[0427/150916.987:ERROR:process_reader_win.cc(151)] SuspendThread: Access is denied. (0x5)
[0427/150916.987:ERROR:process_reader_win.cc(151)] SuspendThread: Access is denied. (0x5)
[0427/150916.987:ERROR:process_reader_win.cc(151)] SuspendThread: Access is denied. (0x5)
[0427/150916.987:ERROR:process_reader_win.cc(151)] SuspendThread: Access is denied. (0x5)
[0427/150916.987:ERROR:process_reader_win.cc(151)] SuspendThread: Access is denied. (0x5)
[0427/150916.987:ERROR:process_reader_win.cc(151)] SuspendThread: Access is denied. (0x5)
[0427/150916.987:ERROR:process_reader_win.cc(151)] SuspendThread: Access is denied. (0x5)
[0427/150916.987:ERROR:process_reader_win.cc(151)] SuspendThread: Access is denied. (0x5)
[0427/150916.987:ERROR:process_reader_win.cc(151)] SuspendThread: Access is denied. (0x5)
[0427/150916.987:ERROR:process_reader_win.cc(151)] SuspendThread: Access is denied. (0x5)
[0427/150916.987:ERROR:process_reader_win.cc(151)] SuspendThread: Access is denied. (0x5)
[0427/150916.987:ERROR:process_reader_win.cc(151)] SuspendThread: Access is denied. (0x5)
[0427/150916.987:ERROR:process_reader_win.cc(151)] SuspendThread: Access is denied. (0x5)
[0427/150916.987:ERROR:process_reader_win.cc(151)] SuspendThread: Access is denied. (0x5)
[0427/150916.987:ERROR:process_reader_win.cc(151)] SuspendThread: Access is denied. (0x5)
[0427/150916.987:ERROR:process_reader_win.cc(151)] SuspendThread: Access is denied. (0x5)
[0427/150916.987:ERROR:process_reader_win.cc(151)] SuspendThread: Access is denied. (0x5)
[0427/150916.987:ERROR:process_reader_win.cc(151)] SuspendThread: Access is denied. (0x5)
[0427/150916.987:ERROR:process_reader_win.cc(151)] SuspendThread: Access is denied. (0x5)
[0427/150916.987:ERROR:process_reader_win.cc(151)] SuspendThread: Access is denied. (0x5)
[0427/150916.987:ERROR:process_reader_win.cc(151)] SuspendThread: Access is denied. (0x5)
[0427/150916.987:ERROR:process_reader_win.cc(151)] SuspendThread: Access is denied. (0x5)
[0427/150916.987:ERROR:process_reader_win.cc(151)] SuspendThread: Access is denied. (0x5)
[0427/150916.987:ERROR:process_reader_win.cc(151)] SuspendThread: Access is denied. (0x5)
[0427/150916.987:ERROR:process_reader_win.cc(151)] SuspendThread: Access is denied. (0x5)
[0427/150916.987:ERROR:process_reader_win.cc(151)] SuspendThread: Access is denied. (0x5)
[0427/150916.987:ERROR:process_reader_win.cc(151)] SuspendThread: Access is denied. (0x5)
[0427/150916.987:ERROR:process_reader_win.cc(151)] SuspendThread: Access is denied. (0x5)
[0427/150916.915:ERROR:process_reader_win.cc(151)] SuspendThread: Access is denied. (0x5)
[0427/150916.987:ERROR:process_reader_win.cc(151)] SuspendThread: Access is denied. (0x5)
[0427/150916.987:ERROR:process_reader_win.cc(151)] SuspendThread: Access is denied. (0x5)
[0427/150916.987:ERROR:process_reader_win.cc(151)] SuspendThread: Access is denied. (0x5)
[0427/150916.987:ERROR:process_reader_win.cc(123)] NtOpenThread: {Access Denied} A process has requested access to an object, but has not been granted those access rights. (0xc0000022)
[0427/150916.987:ERROR:process_reader_win.cc(151)] SuspendThread: Access is denied. (0x5)
[0427/150916.987:ERROR:exception_snapshot_win.cc(98)] thread ID 3200 not found in process
[0427/150916.987:ERROR:process_reader_win.cc(151)] SuspendThread: Access is denied. (0x5)
[0427/150916.987:ERROR:process_reader_win.cc(151)] SuspendThread: Access is denied. (0x5)
[0427/150916.987:ERROR:process_reader_win.cc(151)] SuspendThread: Access is denied. (0x5)
[0427/150916.987:ERROR:process_reader_win.cc(151)] SuspendThread: Access is denied. (0x5)
[0427/150916.987:ERROR:process_reader_win.cc(151)] SuspendThread: Access is denied. (0x5)
[0427/150916.987:ERROR:process_reader_win.cc(151)] SuspendThread: Access is denied. (0x5)
[0427/150916.987:ERROR:process_reader_win.cc(151)] SuspendThread: Access is denied. (0x5)
[0427/150916.987:ERROR:process_reader_win.cc(151)] SuspendThread: Access is denied. (0x5)
[0427/150916.987:ERROR:process_reader_win.cc(151)] SuspendThread: Access is denied. (0x5)
[0427/150916.987:ERROR:process_reader_win.cc(151)] SuspendThread: Access is denied. (0x5)
[0427/150916.991:ERROR:process_reader_win.cc(123)] NtOpenThread: {Access Denied} A process has requested access to an object, but has not been granted those access rights. (0xc0000022)
[0427/150916.995:ERROR:exception_snapshot_win.cc(98)] thread ID 5284 not found in process
[0427/150916.987:ERROR:process_reader_win.cc(123)] NtOpenThread: {Access Denied} A process has requested access to an object, but has not been granted those access rights. (0xc0000022)
[0427/150916.995:ERROR:exception_snapshot_win.cc(98)] thread ID 5632 not found in process
[0427/150916.987:ERROR:process_reader_win.cc(123)] NtOpenThread: {Access Denied} A process has requested access to an object, but has not been granted those access rights. (0xc0000022)
[0427/150916.999:ERROR:exception_snapshot_win.cc(98)] thread ID 1524 not found in process
[0427/150917.003:ERROR:process_reader_win.cc(151)] SuspendThread: Access is denied. (0x5)
[0427/150917.003:ERROR:process_reader_win.cc(123)] NtOpenThread: {Access Denied} A process has requested access to an object, but has not been granted those access rights. (0xc0000022)
[0427/150917.003:ERROR:exception_snapshot_win.cc(98)] thread ID 10048 not found in process
[0427/150917.023:ERROR:process_reader_win.cc(151)] SuspendThread: Access is denied. (0x5)
[0427/150917.023:ERROR:process_reader_win.cc(123)] NtOpenThread: {Access Denied} A process has requested access to an object, but has not been granted those access rights. (0xc0000022)
[0427/150917.023:ERROR:exception_snapshot_win.cc(98)] thread ID 5660 not found in process
[0427/151836.550:ERROR:process_reader_win.cc(151)] SuspendThread: Access is denied. (0x5)
[0427/151836.558:ERROR:process_reader_win.cc(151)] SuspendThread: Access is denied. (0x5)
[0427/151836.558:ERROR:process_reader_win.cc(151)] SuspendThread: Access is denied. (0x5)
[0427/151836.585:ERROR:process_reader_win.cc(123)] NtOpenThread: {Access Denied} A process has requested access to an object, but has not been granted those access rights. (0xc0000022)
[0427/151836.585:ERROR:process_reader_win.cc(151)] SuspendThread: Access is denied. (0x5)
[0427/151836.585:ERROR:exception_snapshot_win.cc(98)] thread ID 11728 not found in process
[0427/151836.586:ERROR:process_reader_win.cc(151)] SuspendThread: Access is denied. (0x5)
[0427/151836.586:ERROR:process_reader_win.cc(151)] SuspendThread: Access is denied. (0x5)
[0427/151836.586:ERROR:process_reader_win.cc(123)] NtOpenThread: {Access Denied} A process has requested access to an object, but has not been granted those access rights. (0xc0000022)
[0427/151836.586:ERROR:exception_snapshot_win.cc(98)] thread ID 9060 not found in process
[0427/151836.581:ERROR:process_reader_win.cc(151)] SuspendThread: Access is denied. (0x5)
[0427/151836.587:ERROR:process_reader_win.cc(151)] SuspendThread: Access is denied. (0x5)
[0427/151836.587:ERROR:process_reader_win.cc(123)] NtOpenThread: {Access Denied} A process has requested access to an object, but has not been granted those access rights. (0xc0000022)
[0427/151836.587:ERROR:exception_snapshot_win.cc(98)] thread ID 6456 not found in process
[0427/151836.585:ERROR:process_reader_win.cc(123)] NtOpenThread: {Access Denied} A process has requested access to an object, but has not been granted those access rights. (0xc0000022)
[0427/151836.588:ERROR:process_reader_win.cc(151)] SuspendThread: Access is denied. (0x5)
[0427/151836.588:ERROR:exception_snapshot_win.cc(98)] thread ID 4620 not found in process
[0427/151836.588:ERROR:process_reader_win.cc(151)] SuspendThread: Access is denied. (0x5)
[0427/151836.588:ERROR:process_reader_win.cc(151)] SuspendThread: Access is denied. (0x5)
[0427/151836.588:ERROR:process_reader_win.cc(151)] SuspendThread: Access is denied. (0x5)
[0427/151836.588:ERROR:process_reader_win.cc(123)] NtOpenThread: {Access Denied} A process has requested access to an object, but has not been granted those access rights. (0xc0000022)
[0427/151836.588:ERROR:exception_snapshot_win.cc(98)] thread ID 9388 not found in process
[0427/151836.601:ERROR:process_reader_win.cc(151)] SuspendThread: Access is denied. (0x5)
[0427/151836.601:ERROR:process_reader_win.cc(123)] NtOpenThread: {Access Denied} A process has requested access to an object, but has not been granted those access rights. (0xc0000022)
[0427/151836.602:ERROR:exception_snapshot_win.cc(98)] thread ID 11184 not found in process
[0427/152434.972:ERROR:process_reader_win.cc(151)] SuspendThread: Access is denied. (0x5)
[0427/152434.974:ERROR:process_reader_win.cc(151)] SuspendThread: Access is denied. (0x5)
[0427/152434.974:ERROR:process_reader_win.cc(151)] SuspendThread: Access is denied. (0x5)
[0427/152434.974:ERROR:process_reader_win.cc(151)] SuspendThread: Access is denied. (0x5)
[0427/152434.974:ERROR:process_reader_win.cc(151)] SuspendThread: Access is denied. (0x5)
[0427/152434.974:ERROR:process_reader_win.cc(151)] SuspendThread: Access is denied. (0x5)
[0427/152434.974:ERROR:process_reader_win.cc(151)] SuspendThread: Access is denied. (0x5)
[0427/152434.974:ERROR:process_reader_win.cc(151)] SuspendThread: Access is denied. (0x5)
[0427/152434.974:ERROR:process_reader_win.cc(151)] SuspendThread: Access is denied. (0x5)
[0427/152434.974:ERROR:process_reader_win.cc(151)] SuspendThread: Access is denied. (0x5)
[0427/152434.974:ERROR:process_reader_win.cc(151)] SuspendThread: Access is denied. (0x5)
[0427/152434.975:ERROR:process_reader_win.cc(151)] SuspendThread: Access is denied. (0x5)
[0427/152434.975:ERROR:process_reader_win.cc(151)] SuspendThread: Access is denied. (0x5)
[0427/152434.975:ERROR:process_reader_win.cc(151)] SuspendThread: Access is denied. (0x5)
[0427/152434.975:ERROR:process_reader_win.cc(151)] SuspendThread: Access is denied. (0x5)
[0427/152434.975:ERROR:process_reader_win.cc(151)] SuspendThread: Access is denied. (0x5)
[0427/152434.975:ERROR:process_reader_win.cc(151)] SuspendThread: Access is denied. (0x5)
[0427/152434.974:ERROR:process_reader_win.cc(151)] SuspendThread: Access is denied. (0x5)
[0427/152434.975:ERROR:process_reader_win.cc(151)] SuspendThread: Access is denied. (0x5)
[0427/152434.975:ERROR:process_reader_win.cc(151)] SuspendThread: Access is denied. (0x5)
[0427/152434.975:ERROR:process_reader_win.cc(123)] NtOpenThread: {Access Denied} A process has requested access to an object, but has not been granted those access rights. (0xc0000022)
[0427/152434.976:ERROR:exception_snapshot_win.cc(98)] thread ID 10712 not found in process
[0427/152434.975:ERROR:process_reader_win.cc(151)] SuspendThread: Access is denied. (0x5)
[0427/152434.976:ERROR:process_reader_win.cc(151)] SuspendThread: Access is denied. (0x5)
[0427/152435.002:ERROR:process_reader_win.cc(151)] SuspendThread: Access is denied. (0x5)
[0427/152435.002:ERROR:process_reader_win.cc(151)] SuspendThread: Access is denied. (0x5)
[0427/152435.002:ERROR:process_reader_win.cc(151)] SuspendThread: Access is denied. (0x5)
[0427/152435.002:ERROR:process_reader_win.cc(151)] SuspendThread: Access is denied. (0x5)
[0427/152435.002:ERROR:process_reader_win.cc(151)] SuspendThread: Access is denied. (0x5)
[0427/152435.002:ERROR:process_reader_win.cc(151)] SuspendThread: Access is denied. (0x5)
[0427/152435.002:ERROR:process_reader_win.cc(151)] SuspendThread: Access is denied. (0x5)
[0427/152435.002:ERROR:process_reader_win.cc(151)] SuspendThread: Access is denied. (0x5)
[0427/152435.002:ERROR:process_reader_win.cc(151)] SuspendThread: Access is denied. (0x5)
[0427/152435.002:ERROR:process_reader_win.cc(151)] SuspendThread: Access is denied. (0x5)
[0427/152435.002:ERROR:process_reader_win.cc(151)] SuspendThread: Access is denied. (0x5)
[0427/152435.002:ERROR:process_reader_win.cc(151)] SuspendThread: Access is denied. (0x5)
[0427/152435.002:ERROR:process_reader_win.cc(151)] SuspendThread: Access is denied. (0x5)
[0427/152435.002:ERROR:process_reader_win.cc(151)] SuspendThread: Access is denied. (0x5)
[0427/152435.002:ERROR:process_reader_win.cc(151)] SuspendThread: Access is denied. (0x5)
[0427/152435.002:ERROR:process_reader_win.cc(151)] SuspendThread: Access is denied. (0x5)
[0427/152435.005:ERROR:process_reader_win.cc(151)] SuspendThread: Access is denied. (0x5)
[0427/152435.005:ERROR:process_reader_win.cc(151)] SuspendThread: Access is denied. (0x5)
[0427/152435.006:ERROR:process_reader_win.cc(151)] SuspendThread: Access is denied. (0x5)
[0427/152435.006:ERROR:process_reader_win.cc(151)] SuspendThread: Access is denied. (0x5)
[0427/152435.006:ERROR:process_reader_win.cc(151)] SuspendThread: Access is denied. (0x5)
[0427/152435.006:ERROR:process_reader_win.cc(123)] NtOpenThread: {Access Denied} A process has requested access to an object, but has not been granted those access rights. (0xc0000022)
[0427/152435.008:ERROR:exception_snapshot_win.cc(98)] thread ID 6340 not found in process
[0427/152435.003:ERROR:process_reader_win.cc(151)] SuspendThread: Access is denied. (0x5)
[0427/152435.013:ERROR:process_reader_win.cc(151)] SuspendThread: Access is denied. (0x5)
[0427/152435.013:ERROR:process_reader_win.cc(123)] NtOpenThread: {Access Denied} A process has requested access to an object, but has not been granted those access rights. (0xc0000022)
[0427/152435.015:ERROR:exception_snapshot_win.cc(98)] thread ID 4676 not found in process
[0427/152435.050:ERROR:process_reader_win.cc(151)] SuspendThread: Access is denied. (0x5)
[0427/152435.051:ERROR:process_reader_win.cc(151)] SuspendThread: Access is denied. (0x5)
[0427/152435.051:ERROR:process_reader_win.cc(151)] SuspendThread: Access is denied. (0x5)
[0427/152435.051:ERROR:process_reader_win.cc(151)] SuspendThread: Access is denied. (0x5)
[0427/152435.051:ERROR:process_reader_win.cc(123)] NtOpenThread: {Access Denied} A process has requested access to an object, but has not been granted those access rights. (0xc0000022)
[0427/152435.051:ERROR:exception_snapshot_win.cc(98)] thread ID 2948 not found in process
[0427/152435.051:ERROR:process_reader_win.cc(151)] SuspendThread: Access is denied. (0x5)
[0427/152435.051:ERROR:process_reader_win.cc(151)] SuspendThread: Access is denied. (0x5)
[0427/152435.051:ERROR:process_reader_win.cc(151)] SuspendThread: Access is denied. (0x5)
[0427/152435.051:ERROR:process_reader_win.cc(151)] SuspendThread: Access is denied. (0x5)
[0427/152435.051:ERROR:process_reader_win.cc(151)] SuspendThread: Access is denied. (0x5)
[0427/152435.051:ERROR:process_reader_win.cc(123)] NtOpenThread: {Access Denied} A process has requested access to an object, but has not been granted those access rights. (0xc0000022)
[0427/152435.051:ERROR:exception_snapshot_win.cc(98)] thread ID 4608 not found in process
[0427/152435.061:ERROR:process_reader_win.cc(151)] SuspendThread: Access is denied. (0x5)
[0427/152435.062:ERROR:process_reader_win.cc(151)] SuspendThread: Access is denied. (0x5)
[0427/152435.062:ERROR:process_reader_win.cc(151)] SuspendThread: Access is denied. (0x5)
[0427/152435.062:ERROR:process_reader_win.cc(151)] SuspendThread: Access is denied. (0x5)
[0427/152435.062:ERROR:process_reader_win.cc(151)] SuspendThread: Access is denied. (0x5)
[0427/152435.062:ERROR:process_reader_win.cc(123)] NtOpenThread: {Access Denied} A process has requested access to an object, but has not been granted those access rights. (0xc0000022)
[0427/152435.062:ERROR:exception_snapshot_win.cc(98)] thread ID 8168 not found in process
[0427/152435.066:ERROR:process_reader_win.cc(151)] SuspendThread: Access is denied. (0x5)
[0427/152435.066:ERROR:process_reader_win.cc(123)] NtOpenThread: {Access Denied} A process has requested access to an object, but has not been granted those access rights. (0xc0000022)
[0427/152435.066:ERROR:exception_snapshot_win.cc(98)] thread ID 7868 not found in process
[0427/152659.634:ERROR:process_reader_win.cc(151)] SuspendThread: Access is denied. (0x5)
[0427/152659.636:ERROR:process_reader_win.cc(123)] NtOpenThread: {Access Denied} A process has requested access to an object, but has not been granted those access rights. (0xc0000022)
[0427/152659.636:ERROR:exception_snapshot_win.cc(98)] thread ID 7648 not found in process
[0427/152659.637:ERROR:process_reader_win.cc(151)] SuspendThread: Access is denied. (0x5)
[0427/152659.639:ERROR:process_reader_win.cc(151)] SuspendThread: Access is denied. (0x5)
[0427/152659.639:ERROR:process_reader_win.cc(123)] NtOpenThread: {Access Denied} A process has requested access to an object, but has not been granted those access rights. (0xc0000022)
[0427/152659.639:ERROR:exception_snapshot_win.cc(98)] thread ID 5640 not found in process
[0427/152659.639:ERROR:process_reader_win.cc(151)] SuspendThread: Access is denied. (0x5)
[0427/152659.645:ERROR:process_reader_win.cc(123)] NtOpenThread: {Access Denied} A process has requested access to an object, but has not been granted those access rights. (0xc0000022)
[0427/152659.649:ERROR:exception_snapshot_win.cc(98)] thread ID 8404 not found in process
[0427/152659.650:ERROR:process_reader_win.cc(151)] SuspendThread: Access is denied. (0x5)
[0427/152659.650:ERROR:process_reader_win.cc(151)] SuspendThread: Access is denied. (0x5)
[0427/152659.650:ERROR:process_reader_win.cc(151)] SuspendThread: Access is denied. (0x5)
[0427/152659.650:ERROR:process_reader_win.cc(151)] SuspendThread: Access is denied. (0x5)
[0427/152659.650:ERROR:process_reader_win.cc(151)] SuspendThread: Access is denied. (0x5)
[0427/152659.650:ERROR:process_reader_win.cc(123)] NtOpenThread: {Access Denied} A process has requested access to an object, but has not been granted those access rights. (0xc0000022)
[0427/152659.650:ERROR:exception_snapshot_win.cc(98)] thread ID 9876 not found in process
[0427/152659.651:ERROR:process_reader_win.cc(151)] SuspendThread: Access is denied. (0x5)
[0427/152659.651:ERROR:process_reader_win.cc(151)] SuspendThread: Access is denied. (0x5)
[0427/152659.651:ERROR:process_reader_win.cc(151)] SuspendThread: Access is denied. (0x5)
[0427/152659.651:ERROR:process_reader_win.cc(151)] SuspendThread: Access is denied. (0x5)
[0427/152659.651:ERROR:process_reader_win.cc(123)] NtOpenThread: {Access Denied} A process has requested access to an object, but has not been granted those access rights. (0xc0000022)
[0427/152659.651:ERROR:exception_snapshot_win.cc(98)] thread ID 3264 not found in process
[0427/152659.652:ERROR:process_reader_win.cc(151)] SuspendThread: Access is denied. (0x5)
[0427/152659.652:ERROR:process_reader_win.cc(151)] SuspendThread: Access is denied. (0x5)
[0427/152659.652:ERROR:process_reader_win.cc(151)] SuspendThread: Access is denied. (0x5)
[0427/152659.652:ERROR:process_reader_win.cc(151)] SuspendThread: Access is denied. (0x5)
[0427/152659.652:ERROR:process_reader_win.cc(151)] SuspendThread: Access is denied. (0x5)
[0427/152659.652:ERROR:process_reader_win.cc(123)] NtOpenThread: {Access Denied} A process has requested access to an object, but has not been granted those access rights. (0xc0000022)
[0427/152659.652:ERROR:exception_snapshot_win.cc(98)] thread ID 4552 not found in process
[0427/154412.582:ERROR:process_reader_win.cc(151)] SuspendThread: Access is denied. (0x5)
[0427/154412.705:ERROR:process_reader_win.cc(151)] SuspendThread: Access is denied. (0x5)
[0427/154412.705:ERROR:process_reader_win.cc(151)] SuspendThread: Access is denied. (0x5)
[0427/154412.705:ERROR:process_reader_win.cc(151)] SuspendThread: Access is denied. (0x5)
[0427/154412.703:ERROR:process_reader_win.cc(151)] SuspendThread: Access is denied. (0x5)
[0427/154412.705:ERROR:process_reader_win.cc(151)] SuspendThread: Access is denied. (0x5)
[0427/154412.584:ERROR:process_reader_win.cc(151)] SuspendThread: Access is denied. (0x5)
[0427/154412.705:ERROR:process_reader_win.cc(151)] SuspendThread: Access is denied. (0x5)
[0427/154412.705:ERROR:process_reader_win.cc(151)] SuspendThread: Access is denied. (0x5)
[0427/154412.705:ERROR:process_reader_win.cc(151)] SuspendThread: Access is denied. (0x5)
[0427/154412.705:ERROR:process_reader_win.cc(151)] SuspendThread: Access is denied. (0x5)
[0427/154412.705:ERROR:process_reader_win.cc(151)] SuspendThread: Access is denied. (0x5)
[0427/154412.705:ERROR:process_reader_win.cc(151)] SuspendThread: Access is denied. (0x5)
[0427/154412.705:ERROR:process_reader_win.cc(151)] SuspendThread: Access is denied. (0x5)
[0427/154412.705:ERROR:process_reader_win.cc(151)] SuspendThread: Access is denied. (0x5)
[0427/154412.705:ERROR:process_reader_win.cc(151)] SuspendThread: Access is denied. (0x5)
[0427/154412.705:ERROR:process_reader_win.cc(151)] SuspendThread: Access is denied. (0x5)
[0427/154412.705:ERROR:process_reader_win.cc(151)] SuspendThread: Access is denied. (0x5)
[0427/154412.705:ERROR:process_reader_win.cc(151)] SuspendThread: Access is denied. (0x5)
[0427/154412.705:ERROR:process_reader_win.cc(151)] SuspendThread: Access is denied. (0x5)
[0427/154412.705:ERROR:process_reader_win.cc(151)] SuspendThread: Access is denied. (0x5)
[0427/154412.705:ERROR:process_reader_win.cc(151)] SuspendThread: Access is denied. (0x5)
[0427/154412.705:ERROR:process_reader_win.cc(151)] SuspendThread: Access is denied. (0x5)
[0427/154412.705:ERROR:process_reader_win.cc(151)] SuspendThread: Access is denied. (0x5)
[0427/154412.705:ERROR:process_reader_win.cc(151)] SuspendThread: Access is denied. (0x5)
[0427/154412.705:ERROR:process_reader_win.cc(151)] SuspendThread: Access is denied. (0x5)
[0427/154412.705:ERROR:process_reader_win.cc(151)] SuspendThread: Access is denied. (0x5)
[0427/154412.705:ERROR:process_reader_win.cc(151)] SuspendThread: Access is denied. (0x5)
[0427/154412.705:ERROR:process_reader_win.cc(151)] SuspendThread: Access is denied. (0x5)
[0427/154412.706:ERROR:process_reader_win.cc(151)] SuspendThread: Access is denied. (0x5)
[0427/154412.706:ERROR:process_reader_win.cc(151)] SuspendThread: Access is denied. (0x5)
[0427/154412.705:ERROR:process_reader_win.cc(123)] NtOpenThread: {Access Denied} A process has requested access to an object, but has not been granted those access rights. (0xc0000022)
[0427/154412.706:ERROR:exception_snapshot_win.cc(98)] thread ID 6588 not found in process
[0427/154412.705:ERROR:process_reader_win.cc(123)] NtOpenThread: {Access Denied} A process has requested access to an object, but has not been granted those access rights. (0xc0000022)
[0427/154412.713:ERROR:exception_snapshot_win.cc(98)] thread ID 1140 not found in process
[0427/154412.716:ERROR:process_reader_win.cc(151)] SuspendThread: Access is denied. (0x5)
[0427/154412.718:ERROR:process_reader_win.cc(151)] SuspendThread: Access is denied. (0x5)
[0427/154412.718:ERROR:process_reader_win.cc(151)] SuspendThread: Access is denied. (0x5)
[0427/154412.718:ERROR:process_reader_win.cc(151)] SuspendThread: Access is denied. (0x5)
[0427/154412.718:ERROR:process_reader_win.cc(151)] SuspendThread: Access is denied. (0x5)
[0427/154412.718:ERROR:process_reader_win.cc(151)] SuspendThread: Access is denied. (0x5)
[0427/154412.718:ERROR:process_reader_win.cc(123)] NtOpenThread: {Access Denied} A process has requested access to an object, but has not been granted those access rights. (0xc0000022)
[0427/154412.718:ERROR:exception_snapshot_win.cc(98)] thread ID 12188 not found in process
[0427/154412.718:ERROR:process_reader_win.cc(123)] NtOpenThread: {Access Denied} A process has requested access to an object, but has not been granted those access rights. (0xc0000022)
[0427/154412.719:ERROR:exception_snapshot_win.cc(98)] thread ID 7884 not found in process
[0427/154412.732:ERROR:process_reader_win.cc(151)] SuspendThread: Access is denied. (0x5)
[0427/154412.732:ERROR:process_reader_win.cc(151)] SuspendThread: Access is denied. (0x5)
[0427/154412.732:ERROR:process_reader_win.cc(151)] SuspendThread: Access is denied. (0x5)
[0427/154412.732:ERROR:process_reader_win.cc(151)] SuspendThread: Access is denied. (0x5)
[0427/154412.732:ERROR:process_reader_win.cc(151)] SuspendThread: Access is denied. (0x5)
[0427/154412.732:ERROR:process_reader_win.cc(151)] SuspendThread: Access is denied. (0x5)
[0427/154412.732:ERROR:process_reader_win.cc(123)] NtOpenThread: {Access Denied} A process has requested access to an object, but has not been granted those access rights. (0xc0000022)
[0427/154412.732:ERROR:exception_snapshot_win.cc(98)] thread ID 9072 not found in process
[0427/154412.748:ERROR:process_reader_win.cc(151)] SuspendThread: Access is denied. (0x5)
[0427/154412.748:ERROR:process_reader_win.cc(151)] SuspendThread: Access is denied. (0x5)
[0427/154412.748:ERROR:process_reader_win.cc(151)] SuspendThread: Access is denied. (0x5)
[0427/154412.748:ERROR:process_reader_win.cc(151)] SuspendThread: Access is denied. (0x5)
[0427/154412.748:ERROR:process_reader_win.cc(151)] SuspendThread: Access is denied. (0x5)
[0427/154412.748:ERROR:process_reader_win.cc(151)] SuspendThread: Access is denied. (0x5)
[0427/154412.748:ERROR:process_reader_win.cc(151)] SuspendThread: Access is denied. (0x5)
[0427/154412.748:ERROR:process_reader_win.cc(123)] NtOpenThread: {Access Denied} A process has requested access to an object, but has not been granted those access rights. (0xc0000022)
[0427/154412.748:ERROR:exception_snapshot_win.cc(98)] thread ID 8108 not found in process
[0427/154412.750:ERROR:process_reader_win.cc(151)] SuspendThread: Access is denied. (0x5)
[0427/154412.751:ERROR:process_reader_win.cc(151)] SuspendThread: Access is denied. (0x5)
[0427/154412.750:ERROR:process_reader_win.cc(151)] SuspendThread: Access is denied. (0x5)
[0427/154412.751:ERROR:process_reader_win.cc(151)] SuspendThread: Access is denied. (0x5)
[0427/154412.752:ERROR:process_reader_win.cc(151)] SuspendThread: Access is denied. (0x5)
[0427/154412.752:ERROR:process_reader_win.cc(151)] SuspendThread: Access is denied. (0x5)
[0427/154412.752:ERROR:process_reader_win.cc(123)] NtOpenThread: {Access Denied} A process has requested access to an object, but has not been granted those access rights. (0xc0000022)
[0427/154412.752:ERROR:process_reader_win.cc(123)] NtOpenThread: {Access Denied} A process has requested access to an object, but has not been granted those access rights. (0xc0000022)
[0427/154412.752:ERROR:exception_snapshot_win.cc(98)] thread ID 6400 not found in process
[0427/154412.752:ERROR:exception_snapshot_win.cc(98)] thread ID 10740 not found in process
[0427/154412.706:ERROR:process_reader_win.cc(123)] NtOpenThread: {Access Denied} A process has requested access to an object, but has not been granted those access rights. (0xc0000022)
[0427/154412.753:ERROR:exception_snapshot_win.cc(98)] thread ID 8704 not found in process
[0427/154412.755:ERROR:process_reader_win.cc(151)] SuspendThread: Access is denied. (0x5)
[0427/154412.755:ERROR:process_reader_win.cc(151)] SuspendThread: Access is denied. (0x5)
[0427/154412.755:ERROR:process_reader_win.cc(151)] SuspendThread: Access is denied. (0x5)
[0427/154412.755:ERROR:process_reader_win.cc(151)] SuspendThread: Access is denied. (0x5)
[0427/154412.755:ERROR:process_reader_win.cc(151)] SuspendThread: Access is denied. (0x5)
[0427/154412.755:ERROR:process_reader_win.cc(123)] NtOpenThread: {Access Denied} A process has requested access to an object, but has not been granted those access rights. (0xc0000022)
[0427/154412.755:ERROR:exception_snapshot_win.cc(98)] thread ID 10076 not found in process
[0427/154412.772:ERROR:process_reader_win.cc(151)] SuspendThread: Access is denied. (0x5)
[0427/154412.772:ERROR:process_reader_win.cc(123)] NtOpenThread: {Access Denied} A process has requested access to an object, but has not been granted those access rights. (0xc0000022)
[0427/154412.772:ERROR:exception_snapshot_win.cc(98)] thread ID 948 not found in process
[0427/154834.024:ERROR:process_reader_win.cc(151)] SuspendThread: Access is denied. (0x5)
[0427/154834.293:ERROR:process_reader_win.cc(151)] SuspendThread: Access is denied. (0x5)
[0427/154833.928:ERROR:process_reader_win.cc(151)] SuspendThread: Access is denied. (0x5)
[0427/154833.978:ERROR:process_reader_win.cc(151)] SuspendThread: Access is denied. (0x5)
[0427/154834.312:ERROR:process_reader_win.cc(151)] SuspendThread: Access is denied. (0x5)
[0427/154833.928:ERROR:process_reader_win.cc(151)] SuspendThread: Access is denied. (0x5)
[0427/154834.312:ERROR:process_reader_win.cc(151)] SuspendThread: Access is denied. (0x5)
[0427/154834.312:ERROR:process_reader_win.cc(151)] SuspendThread: Access is denied. (0x5)
[0427/154834.312:ERROR:process_reader_win.cc(151)] SuspendThread: Access is denied. (0x5)
[0427/154834.312:ERROR:process_reader_win.cc(151)] SuspendThread: Access is denied. (0x5)
[0427/154834.312:ERROR:process_reader_win.cc(151)] SuspendThread: Access is denied. (0x5)
[0427/154834.312:ERROR:process_reader_win.cc(151)] SuspendThread: Access is denied. (0x5)
[0427/154833.971:ERROR:process_reader_win.cc(151)] SuspendThread: Access is denied. (0x5)
[0427/154834.312:ERROR:process_reader_win.cc(151)] SuspendThread: Access is denied. (0x5)
[0427/154834.312:ERROR:process_reader_win.cc(151)] SuspendThread: Access is denied. (0x5)
[0427/154834.312:ERROR:process_reader_win.cc(151)] SuspendThread: Access is denied. (0x5)
[0427/154834.312:ERROR:process_reader_win.cc(151)] SuspendThread: Access is denied. (0x5)
[0427/154834.312:ERROR:process_reader_win.cc(151)] SuspendThread: Access is denied. (0x5)
[0427/154834.312:ERROR:process_reader_win.cc(151)] SuspendThread: Access is denied. (0x5)
[0427/154834.312:ERROR:process_reader_win.cc(151)] SuspendThread: Access is denied. (0x5)
[0427/154834.312:ERROR:process_reader_win.cc(151)] SuspendThread: Access is denied. (0x5)
[0427/154834.312:ERROR:process_reader_win.cc(151)] SuspendThread: Access is denied. (0x5)
[0427/154834.312:ERROR:process_reader_win.cc(151)] SuspendThread: Access is denied. (0x5)
[0427/154834.312:ERROR:process_reader_win.cc(151)] SuspendThread: Access is denied. (0x5)
[0427/154834.312:ERROR:process_reader_win.cc(151)] SuspendThread: Access is denied. (0x5)
[0427/154834.312:ERROR:process_reader_win.cc(151)] SuspendThread: Access is denied. (0x5)
[0427/154834.313:ERROR:process_reader_win.cc(151)] SuspendThread: Access is denied. (0x5)
[0427/154834.313:ERROR:process_reader_win.cc(151)] SuspendThread: Access is denied. (0x5)
[0427/154834.313:ERROR:process_reader_win.cc(151)] SuspendThread: Access is denied. (0x5)
[0427/154834.313:ERROR:process_reader_win.cc(151)] SuspendThread: Access is denied. (0x5)
[0427/154834.313:ERROR:process_reader_win.cc(151)] SuspendThread: Access is denied. (0x5)
[0427/154834.313:ERROR:process_reader_win.cc(151)] SuspendThread: Access is denied. (0x5)
[0427/154834.313:ERROR:process_reader_win.cc(151)] SuspendThread: Access is denied. (0x5)
[0427/154834.313:ERROR:process_reader_win.cc(151)] SuspendThread: Access is denied. (0x5)
[0427/154834.313:ERROR:process_reader_win.cc(151)] SuspendThread: Access is denied. (0x5)
[0427/154834.314:ERROR:process_reader_win.cc(151)] SuspendThread: Access is denied. (0x5)
[0427/154834.314:ERROR:process_reader_win.cc(151)] SuspendThread: Access is denied. (0x5)
[0427/154834.314:ERROR:process_reader_win.cc(151)] SuspendThread: Access is denied. (0x5)
[0427/154834.314:ERROR:process_reader_win.cc(151)] SuspendThread: Access is denied. (0x5)
[0427/154834.323:ERROR:process_reader_win.cc(151)] SuspendThread: Access is denied. (0x5)
[0427/154834.323:ERROR:process_reader_win.cc(151)] SuspendThread: Access is denied. (0x5)
[0427/154834.323:ERROR:process_reader_win.cc(151)] SuspendThread: Access is denied. (0x5)
[0427/154834.323:ERROR:process_reader_win.cc(151)] SuspendThread: Access is denied. (0x5)
[0427/154834.323:ERROR:process_reader_win.cc(151)] SuspendThread: Access is denied. (0x5)
[0427/154834.323:ERROR:process_reader_win.cc(151)] SuspendThread: Access is denied. (0x5)
[0427/154834.323:ERROR:process_reader_win.cc(151)] SuspendThread: Access is denied. (0x5)
[0427/154834.314:ERROR:process_reader_win.cc(151)] SuspendThread: Access is denied. (0x5)
[0427/154834.324:ERROR:process_reader_win.cc(151)] SuspendThread: Access is denied. (0x5)
[0427/154834.324:ERROR:process_reader_win.cc(151)] SuspendThread: Access is denied. (0x5)
[0427/154834.324:ERROR:process_reader_win.cc(151)] SuspendThread: Access is denied. (0x5)
[0427/154834.324:ERROR:process_reader_win.cc(151)] SuspendThread: Access is denied. (0x5)
[0427/154834.324:ERROR:process_reader_win.cc(151)] SuspendThread: Access is denied. (0x5)
[0427/154834.324:ERROR:process_reader_win.cc(151)] SuspendThread: Access is denied. (0x5)
[0427/154834.324:ERROR:process_reader_win.cc(151)] SuspendThread: Access is denied. (0x5)
[0427/154834.326:ERROR:process_reader_win.cc(151)] SuspendThread: Access is denied. (0x5)
[0427/154834.327:ERROR:process_reader_win.cc(151)] SuspendThread: Access is denied. (0x5)
[0427/154834.328:ERROR:process_reader_win.cc(151)] SuspendThread: Access is denied. (0x5)
[0427/154834.328:ERROR:process_reader_win.cc(151)] SuspendThread: Access is denied. (0x5)
[0427/154834.328:ERROR:process_reader_win.cc(151)] SuspendThread: Access is denied. (0x5)
[0427/154834.328:ERROR:process_reader_win.cc(151)] SuspendThread: Access is denied. (0x5)
[0427/154834.310:ERROR:process_reader_win.cc(151)] SuspendThread: Access is denied. (0x5)
[0427/154834.330:ERROR:process_reader_win.cc(151)] SuspendThread: Access is denied. (0x5)
[0427/154834.330:ERROR:process_reader_win.cc(151)] SuspendThread: Access is denied. (0x5)
[0427/154834.330:ERROR:process_reader_win.cc(151)] SuspendThread: Access is denied. (0x5)
[0427/154834.330:ERROR:process_reader_win.cc(151)] SuspendThread: Access is denied. (0x5)
[0427/154834.330:ERROR:process_reader_win.cc(151)] SuspendThread: Access is denied. (0x5)
[0427/154834.330:ERROR:process_reader_win.cc(151)] SuspendThread: Access is denied. (0x5)
[0427/154834.291:ERROR:process_reader_win.cc(151)] SuspendThread: Access is denied. (0x5)
[0427/154834.277:ERROR:process_reader_win.cc(151)] SuspendThread: Access is denied. (0x5)
[0427/154834.076:ERROR:process_reader_win.cc(151)] SuspendThread: Access is denied. (0x5)
[0427/154834.342:ERROR:process_reader_win.cc(151)] SuspendThread: Access is denied. (0x5)
[0427/154834.342:ERROR:process_reader_win.cc(151)] SuspendThread: Access is denied. (0x5)
[0427/154834.342:ERROR:process_reader_win.cc(151)] SuspendThread: Access is denied. (0x5)
[0427/154834.342:ERROR:process_reader_win.cc(151)] SuspendThread: Access is denied. (0x5)
[0427/154834.342:ERROR:process_reader_win.cc(151)] SuspendThread: Access is denied. (0x5)
[0427/154834.343:ERROR:process_reader_win.cc(151)] SuspendThread: Access is denied. (0x5)
[0427/154834.343:ERROR:process_reader_win.cc(151)] SuspendThread: Access is denied. (0x5)
[0427/154834.343:ERROR:process_reader_win.cc(151)] SuspendThread: Access is denied. (0x5)
[0427/154834.343:ERROR:process_reader_win.cc(151)] SuspendThread: Access is denied. (0x5)
[0427/154834.343:ERROR:process_reader_win.cc(151)] SuspendThread: Access is denied. (0x5)
[0427/154834.343:ERROR:process_reader_win.cc(151)] SuspendThread: Access is denied. (0x5)
[0427/154834.343:ERROR:process_reader_win.cc(151)] SuspendThread: Access is denied. (0x5)
[0427/154834.343:ERROR:process_reader_win.cc(151)] SuspendThread: Access is denied. (0x5)
[0427/154834.343:ERROR:process_reader_win.cc(151)] SuspendThread: Access is denied. (0x5)
[0427/154834.343:ERROR:process_reader_win.cc(151)] SuspendThread: Access is denied. (0x5)
[0427/154834.343:ERROR:process_reader_win.cc(151)] SuspendThread: Access is denied. (0x5)
[0427/154834.343:ERROR:process_reader_win.cc(151)] SuspendThread: Access is denied. (0x5)
[0427/154834.343:ERROR:process_reader_win.cc(151)] SuspendThread: Access is denied. (0x5)
[0427/154834.343:ERROR:process_reader_win.cc(151)] SuspendThread: Access is denied. (0x5)
[0427/154834.343:ERROR:process_reader_win.cc(151)] SuspendThread: Access is denied. (0x5)
[0427/154834.343:ERROR:process_reader_win.cc(151)] SuspendThread: Access is denied. (0x5)
[0427/154834.312:ERROR:process_reader_win.cc(123)] NtOpenThread: {Access Denied} A process has requested access to an object, but has not been granted those access rights. (0xc0000022)
[0427/154834.343:ERROR:process_reader_win.cc(123)] NtOpenThread: {Access Denied} A process has requested access to an object, but has not been granted those access rights. (0xc0000022)
[0427/154834.353:ERROR:exception_snapshot_win.cc(98)] thread ID 9860 not found in process
[0427/154834.354:ERROR:exception_snapshot_win.cc(98)] thread ID 6652 not found in process
[0427/154834.343:ERROR:process_reader_win.cc(123)] NtOpenThread: {Access Denied} A process has requested access to an object, but has not been granted those access rights. (0xc0000022)
[0427/154834.358:ERROR:exception_snapshot_win.cc(98)] thread ID 13096 not found in process
[0427/154834.342:ERROR:process_reader_win.cc(123)] NtOpenThread: {Access Denied} A process has requested access to an object, but has not been granted those access rights. (0xc0000022)
[0427/154834.358:ERROR:exception_snapshot_win.cc(98)] thread ID 12504 not found in process
[0427/154834.341:ERROR:process_reader_win.cc(123)] NtOpenThread: {Access Denied} A process has requested access to an object, but has not been granted those access rights. (0xc0000022)
[0427/154834.359:ERROR:exception_snapshot_win.cc(98)] thread ID 13072 not found in process
[0427/154834.330:ERROR:process_reader_win.cc(123)] NtOpenThread: {Access Denied} A process has requested access to an object, but has not been granted those access rights. (0xc0000022)
[0427/154834.360:ERROR:exception_snapshot_win.cc(98)] thread ID 12536 not found in process
[0427/154834.328:ERROR:process_reader_win.cc(123)] NtOpenThread: {Access Denied} A process has requested access to an object, but has not been granted those access rights. (0xc0000022)
[0427/154834.360:ERROR:exception_snapshot_win.cc(98)] thread ID 13084 not found in process
[0427/154834.324:ERROR:process_reader_win.cc(123)] NtOpenThread: {Access Denied} A process has requested access to an object, but has not been granted those access rights. (0xc0000022)
[0427/154834.323:ERROR:process_reader_win.cc(123)] NtOpenThread: {Access Denied} A process has requested access to an object, but has not been granted those access rights. (0xc0000022)
[0427/154834.361:ERROR:exception_snapshot_win.cc(98)] thread ID 10076 not found in process
[0427/154834.323:ERROR:process_reader_win.cc(123)] NtOpenThread: {Access Denied} A process has requested access to an object, but has not been granted those access rights. (0xc0000022)
[0427/154834.361:ERROR:exception_snapshot_win.cc(98)] thread ID 10872 not found in process
[0427/154834.313:ERROR:process_reader_win.cc(123)] NtOpenThread: {Access Denied} A process has requested access to an object, but has not been granted those access rights. (0xc0000022)
[0427/154834.361:ERROR:exception_snapshot_win.cc(98)] thread ID 9168 not found in process
[0427/154834.360:ERROR:exception_snapshot_win.cc(98)] thread ID 12128 not found in process
[0427/154834.371:ERROR:process_reader_win.cc(151)] SuspendThread: Access is denied. (0x5)
[0427/154834.371:ERROR:process_reader_win.cc(151)] SuspendThread: Access is denied. (0x5)
[0427/154834.372:ERROR:process_reader_win.cc(123)] NtOpenThread: {Access Denied} A process has requested access to an object, but has not been granted those access rights. (0xc0000022)
[0427/154834.372:ERROR:exception_snapshot_win.cc(98)] thread ID 13176 not found in process
[0427/154834.372:ERROR:process_reader_win.cc(123)] NtOpenThread: {Access Denied} A process has requested access to an object, but has not been granted those access rights. (0xc0000022)
[0427/154834.372:ERROR:exception_snapshot_win.cc(98)] thread ID 13180 not found in process
[0427/154834.372:ERROR:process_reader_win.cc(151)] SuspendThread: Access is denied. (0x5)
[0427/154834.372:ERROR:process_reader_win.cc(151)] SuspendThread: Access is denied. (0x5)
[0427/154834.373:ERROR:process_reader_win.cc(151)] SuspendThread: Access is denied. (0x5)
[0427/154834.373:ERROR:process_reader_win.cc(151)] SuspendThread: Access is denied. (0x5)
[0427/154834.373:ERROR:process_reader_win.cc(151)] SuspendThread: Access is denied. (0x5)
[0427/154834.373:ERROR:process_reader_win.cc(151)] SuspendThread: Access is denied. (0x5)
[0427/154834.373:ERROR:process_reader_win.cc(123)] NtOpenThread: {Access Denied} A process has requested access to an object, but has not been granted those access rights. (0xc0000022)
[0427/154834.373:ERROR:exception_snapshot_win.cc(98)] thread ID 12872 not found in process
[0427/154834.193:ERROR:process_reader_win.cc(151)] SuspendThread: Access is denied. (0x5)
[0427/154834.375:ERROR:process_reader_win.cc(151)] SuspendThread: Access is denied. (0x5)
[0427/154834.375:ERROR:process_reader_win.cc(151)] SuspendThread: Access is denied. (0x5)
[0427/154834.375:ERROR:process_reader_win.cc(151)] SuspendThread: Access is denied. (0x5)
[0427/154834.375:ERROR:process_reader_win.cc(123)] NtOpenThread: {Access Denied} A process has requested access to an object, but has not been granted those access rights. (0xc0000022)
[0427/154834.375:ERROR:exception_snapshot_win.cc(98)] thread ID 7924 not found in process
[0427/154834.230:ERROR:process_reader_win.cc(151)] SuspendThread: Access is denied. (0x5)
[0427/154834.376:ERROR:process_reader_win.cc(151)] SuspendThread: Access is denied. (0x5)
[0427/154834.376:ERROR:process_reader_win.cc(151)] SuspendThread: Access is denied. (0x5)
[0427/154834.376:ERROR:process_reader_win.cc(151)] SuspendThread: Access is denied. (0x5)
[0427/154834.376:ERROR:process_reader_win.cc(151)] SuspendThread: Access is denied. (0x5)
[0427/154834.376:ERROR:process_reader_win.cc(123)] NtOpenThread: {Access Denied} A process has requested access to an object, but has not been granted those access rights. (0xc0000022)
[0427/154834.376:ERROR:exception_snapshot_win.cc(98)] thread ID 13128 not found in process
[0427/154834.378:ERROR:process_reader_win.cc(151)] SuspendThread: Access is denied. (0x5)
[0427/154834.378:ERROR:process_reader_win.cc(151)] SuspendThread: Access is denied. (0x5)
[0427/154834.378:ERROR:process_reader_win.cc(151)] SuspendThread: Access is denied. (0x5)
[0427/154834.378:ERROR:process_reader_win.cc(151)] SuspendThread: Access is denied. (0x5)
[0427/154834.379:ERROR:process_reader_win.cc(151)] SuspendThread: Access is denied. (0x5)
[0427/154834.309:ERROR:process_reader_win.cc(151)] SuspendThread: Access is denied. (0x5)
[0427/154834.379:ERROR:process_reader_win.cc(151)] SuspendThread: Access is denied. (0x5)
[0427/154834.379:ERROR:process_reader_win.cc(151)] SuspendThread: Access is denied. (0x5)
[0427/154834.379:ERROR:process_reader_win.cc(151)] SuspendThread: Access is denied. (0x5)
[0427/154834.379:ERROR:process_reader_win.cc(151)] SuspendThread: Access is denied. (0x5)
[0427/154834.379:ERROR:process_reader_win.cc(151)] SuspendThread: Access is denied. (0x5)
[0427/154834.379:ERROR:process_reader_win.cc(151)] SuspendThread: Access is denied. (0x5)
[0427/154834.379:ERROR:process_reader_win.cc(151)] SuspendThread: Access is denied. (0x5)
[0427/154834.379:ERROR:process_reader_win.cc(151)] SuspendThread: Access is denied. (0x5)
[0427/154834.379:ERROR:process_reader_win.cc(123)] NtOpenThread: {Access Denied} A process has requested access to an object, but has not been granted those access rights. (0xc0000022)
[0427/154834.379:ERROR:exception_snapshot_win.cc(98)] thread ID 12616 not found in process
[0427/154834.379:ERROR:process_reader_win.cc(151)] SuspendThread: Access is denied. (0x5)
[0427/154834.380:ERROR:process_reader_win.cc(151)] SuspendThread: Access is denied. (0x5)
[0427/154834.380:ERROR:process_reader_win.cc(151)] SuspendThread: Access is denied. (0x5)
[0427/154834.380:ERROR:process_reader_win.cc(123)] NtOpenThread: {Access Denied} A process has requested access to an object, but has not been granted those access rights. (0xc0000022)
[0427/154834.380:ERROR:exception_snapshot_win.cc(98)] thread ID 12532 not found in process
[0427/154834.394:ERROR:process_reader_win.cc(123)] NtOpenThread: {Access Denied} A process has requested access to an object, but has not been granted those access rights. (0xc0000022)
[0427/154834.395:ERROR:exception_snapshot_win.cc(98)] thread ID 10352 not found in process
[0427/161128.849:ERROR:process_reader_win.cc(151)] SuspendThread: Access is denied. (0x5)
[0427/161128.876:ERROR:process_reader_win.cc(151)] SuspendThread: Access is denied. (0x5)
[0427/161128.881:ERROR:process_reader_win.cc(151)] SuspendThread: Access is denied. (0x5)
[0427/161128.890:ERROR:process_reader_win.cc(151)] SuspendThread: Access is denied. (0x5)
[0427/161128.891:ERROR:process_reader_win.cc(151)] SuspendThread: Access is denied. (0x5)
[0427/161128.891:ERROR:process_reader_win.cc(151)] SuspendThread: Access is denied. (0x5)
[0427/161128.891:ERROR:process_reader_win.cc(151)] SuspendThread: Access is denied. (0x5)
[0427/161128.892:ERROR:process_reader_win.cc(151)] SuspendThread: Access is denied. (0x5)
[0427/161128.899:ERROR:process_reader_win.cc(123)] NtOpenThread: {Access Denied} A process has requested access to an object, but has not been granted those access rights. (0xc0000022)
[0427/161128.890:ERROR:process_reader_win.cc(123)] NtOpenThread: {Access Denied} A process has requested access to an object, but has not been granted those access rights. (0xc0000022)
[0427/161128.913:ERROR:exception_snapshot_win.cc(98)] thread ID 9280 not found in process
[0427/161128.913:ERROR:exception_snapshot_win.cc(98)] thread ID 12668 not found in process
[0427/161128.891:ERROR:process_reader_win.cc(123)] NtOpenThread: {Access Denied} A process has requested access to an object, but has not been granted those access rights. (0xc0000022)
[0427/161128.893:ERROR:process_reader_win.cc(123)] NtOpenThread: {Access Denied} A process has requested access to an object, but has not been granted those access rights. (0xc0000022)
[0427/161128.913:ERROR:exception_snapshot_win.cc(98)] thread ID 12212 not found in process
[0427/161128.913:ERROR:exception_snapshot_win.cc(98)] thread ID 3964 not found in process
[0427/162844.898:ERROR:process_reader_win.cc(151)] SuspendThread: Access is denied. (0x5)
[0427/162844.900:ERROR:process_reader_win.cc(123)] NtOpenThread: {Access Denied} A process has requested access to an object, but has not been granted those access rights. (0xc0000022)
[0427/162844.901:ERROR:exception_snapshot_win.cc(98)] thread ID 5032 not found in process
[0427/162844.899:ERROR:process_reader_win.cc(151)] SuspendThread: Access is denied. (0x5)
[0427/162844.901:ERROR:process_reader_win.cc(151)] SuspendThread: Access is denied. (0x5)
[0427/162844.901:ERROR:process_reader_win.cc(151)] SuspendThread: Access is denied. (0x5)
[0427/162844.901:ERROR:process_reader_win.cc(151)] SuspendThread: Access is denied. (0x5)
[0427/162844.901:ERROR:process_reader_win.cc(151)] SuspendThread: Access is denied. (0x5)
[0427/162844.901:ERROR:process_reader_win.cc(151)] SuspendThread: Access is denied. (0x5)
[0427/162844.902:ERROR:process_reader_win.cc(151)] SuspendThread: Access is denied. (0x5)
[0427/162844.902:ERROR:process_reader_win.cc(151)] SuspendThread: Access is denied. (0x5)
[0427/162844.902:ERROR:process_reader_win.cc(151)] SuspendThread: Access is denied. (0x5)
[0427/162844.902:ERROR:process_reader_win.cc(151)] SuspendThread: Access is denied. (0x5)
[0427/162844.902:ERROR:process_reader_win.cc(151)] SuspendThread: Access is denied. (0x5)
[0427/162844.902:ERROR:process_reader_win.cc(151)] SuspendThread: Access is denied. (0x5)
[0427/162844.902:ERROR:process_reader_win.cc(151)] SuspendThread: Access is denied. (0x5)
[0427/162844.902:ERROR:process_reader_win.cc(151)] SuspendThread: Access is denied. (0x5)
[0427/162844.902:ERROR:process_reader_win.cc(123)] NtOpenThread: {Access Denied} A process has requested access to an object, but has not been granted those access rights. (0xc0000022)
[0427/162844.903:ERROR:exception_snapshot_win.cc(98)] thread ID 6944 not found in process
[0427/162844.934:ERROR:process_reader_win.cc(151)] SuspendThread: Access is denied. (0x5)
[0427/162844.934:ERROR:process_reader_win.cc(123)] NtOpenThread: {Access Denied} A process has requested access to an object, but has not been granted those access rights. (0xc0000022)
[0427/162844.935:ERROR:exception_snapshot_win.cc(98)] thread ID 12444 not found in process
[0427/162844.956:ERROR:process_reader_win.cc(151)] SuspendThread: Access is denied. (0x5)
[0427/162844.956:ERROR:process_reader_win.cc(123)] NtOpenThread: {Access Denied} A process has requested access to an object, but has not been granted those access rights. (0xc0000022)
[0427/162844.957:ERROR:exception_snapshot_win.cc(98)] thread ID 1852 not found in process
[0427/162844.962:ERROR:process_reader_win.cc(151)] SuspendThread: Access is denied. (0x5)
[0427/162844.963:ERROR:process_reader_win.cc(151)] SuspendThread: Access is denied. (0x5)
[0427/162844.963:ERROR:process_reader_win.cc(151)] SuspendThread: Access is denied. (0x5)
[0427/162844.963:ERROR:process_reader_win.cc(151)] SuspendThread: Access is denied. (0x5)
[0427/162844.963:ERROR:process_reader_win.cc(123)] NtOpenThread: {Access Denied} A process has requested access to an object, but has not been granted those access rights. (0xc0000022)
[0427/162844.963:ERROR:exception_snapshot_win.cc(98)] thread ID 9940 not found in process
[0427/162844.964:ERROR:process_reader_win.cc(151)] SuspendThread: Access is denied. (0x5)
[0427/162844.964:ERROR:process_reader_win.cc(151)] SuspendThread: Access is denied. (0x5)
[0427/162844.964:ERROR:process_reader_win.cc(151)] SuspendThread: Access is denied. (0x5)
[0427/162844.964:ERROR:process_reader_win.cc(151)] SuspendThread: Access is denied. (0x5)
[0427/162844.964:ERROR:process_reader_win.cc(123)] NtOpenThread: {Access Denied} A process has requested access to an object, but has not been granted those access rights. (0xc0000022)
[0427/162844.964:ERROR:exception_snapshot_win.cc(98)] thread ID 8944 not found in process
[0427/163238.570:ERROR:process_reader_win.cc(151)] SuspendThread: Access is denied. (0x5)
[0427/163238.571:ERROR:process_reader_win.cc(151)] SuspendThread: Access is denied. (0x5)
[0427/163238.566:ERROR:process_reader_win.cc(151)] SuspendThread: Access is denied. (0x5)
[0427/163238.611:ERROR:process_reader_win.cc(151)] SuspendThread: Access is denied. (0x5)
[0427/163238.611:ERROR:process_reader_win.cc(151)] SuspendThread: Access is denied. (0x5)
[0427/163238.611:ERROR:process_reader_win.cc(151)] SuspendThread: Access is denied. (0x5)
[0427/163238.611:ERROR:process_reader_win.cc(151)] SuspendThread: Access is denied. (0x5)
[0427/163238.611:ERROR:process_reader_win.cc(151)] SuspendThread: Access is denied. (0x5)
[0427/163238.611:ERROR:process_reader_win.cc(151)] SuspendThread: Access is denied. (0x5)
[0427/163238.611:ERROR:process_reader_win.cc(151)] SuspendThread: Access is denied. (0x5)
[0427/163238.611:ERROR:process_reader_win.cc(151)] SuspendThread: Access is denied. (0x5)
[0427/163238.611:ERROR:process_reader_win.cc(151)] SuspendThread: Access is denied. (0x5)
[0427/163238.611:ERROR:process_reader_win.cc(151)] SuspendThread: Access is denied. (0x5)
[0427/163238.611:ERROR:process_reader_win.cc(151)] SuspendThread: Access is denied. (0x5)
[0427/163238.611:ERROR:process_reader_win.cc(151)] SuspendThread: Access is denied. (0x5)
[0427/163238.611:ERROR:process_reader_win.cc(151)] SuspendThread: Access is denied. (0x5)
[0427/163238.611:ERROR:process_reader_win.cc(151)] SuspendThread: Access is denied. (0x5)
[0427/163238.619:ERROR:process_reader_win.cc(151)] SuspendThread: Access is denied. (0x5)
[0427/163238.611:ERROR:process_reader_win.cc(123)] NtOpenThread: {Access Denied} A process has requested access to an object, but has not been granted those access rights. (0xc0000022)
[0427/163238.635:ERROR:exception_snapshot_win.cc(98)] thread ID 12304 not found in process
[0427/163238.611:ERROR:process_reader_win.cc(123)] NtOpenThread: {Access Denied} A process has requested access to an object, but has not been granted those access rights. (0xc0000022)
[0427/163238.619:ERROR:process_reader_win.cc(123)] NtOpenThread: {Access Denied} A process has requested access to an object, but has not been granted those access rights. (0xc0000022)
[0427/163238.635:ERROR:exception_snapshot_win.cc(98)] thread ID 8988 not found in process
[0427/163238.611:ERROR:process_reader_win.cc(123)] NtOpenThread: {Access Denied} A process has requested access to an object, but has not been granted those access rights. (0xc0000022)
[0427/163238.635:ERROR:exception_snapshot_win.cc(98)] thread ID 11344 not found in process
[0427/163238.636:ERROR:exception_snapshot_win.cc(98)] thread ID 7108 not found in process
[0427/163238.641:ERROR:process_reader_win.cc(151)] SuspendThread: Access is denied. (0x5)
[0427/163238.641:ERROR:process_reader_win.cc(151)] SuspendThread: Access is denied. (0x5)
[0427/163238.641:ERROR:process_reader_win.cc(151)] SuspendThread: Access is denied. (0x5)
[0427/163238.641:ERROR:process_reader_win.cc(151)] SuspendThread: Access is denied. (0x5)
[0427/163238.641:ERROR:process_reader_win.cc(151)] SuspendThread: Access is denied. (0x5)
[0427/163238.641:ERROR:process_reader_win.cc(151)] SuspendThread: Access is denied. (0x5)
[0427/163238.641:ERROR:process_reader_win.cc(123)] NtOpenThread: {Access Denied} A process has requested access to an object, but has not been granted those access rights. (0xc0000022)
[0427/163238.641:ERROR:exception_snapshot_win.cc(98)] thread ID 9772 not found in process
[0427/163238.644:ERROR:process_reader_win.cc(151)] SuspendThread: Access is denied. (0x5)
[0427/163238.644:ERROR:process_reader_win.cc(151)] SuspendThread: Access is denied. (0x5)
[0427/163238.644:ERROR:process_reader_win.cc(151)] SuspendThread: Access is denied. (0x5)
[0427/163238.644:ERROR:process_reader_win.cc(151)] SuspendThread: Access is denied. (0x5)
[0427/163238.644:ERROR:process_reader_win.cc(151)] SuspendThread: Access is denied. (0x5)
[0427/163238.644:ERROR:process_reader_win.cc(151)] SuspendThread: Access is denied. (0x5)
[0427/163238.644:ERROR:process_reader_win.cc(123)] NtOpenThread: {Access Denied} A process has requested access to an object, but has not been granted those access rights. (0xc0000022)
[0427/163238.644:ERROR:exception_snapshot_win.cc(98)] thread ID 11500 not found in process
[0427/163238.683:ERROR:process_reader_win.cc(151)] SuspendThread: Access is denied. (0x5)
[0427/163238.683:ERROR:process_reader_win.cc(151)] SuspendThread: Access is denied. (0x5)
[0427/163238.683:ERROR:process_reader_win.cc(151)] SuspendThread: Access is denied. (0x5)
[0427/163238.683:ERROR:process_reader_win.cc(151)] SuspendThread: Access is denied. (0x5)
[0427/163238.683:ERROR:process_reader_win.cc(123)] NtOpenThread: {Access Denied} A process has requested access to an object, but has not been granted those access rights. (0xc0000022)
[0427/163238.683:ERROR:exception_snapshot_win.cc(98)] thread ID 4224 not found in process
